2021-12-09 19:03:56,895 [INFO] from akka.event.slf4j.Slf4jLogger in application-akka.actor.default-dispatcher-5 - Slf4jLogger started
2021-12-09 19:03:57,016 [INFO] from play.api.http.EnabledFilters in play-dev-mode-akka.actor.default-dispatcher-4 - Enabled Filters (see <https://www.playframework.com/documentation/latest/Filters>):

    play.filters.csrf.CSRFFilter
    play.filters.headers.SecurityHeadersFilter
    play.filters.hosts.AllowedHostsFilter

2021-12-09 19:03:57,133 [INFO] from play.api.Play in play-dev-mode-akka.actor.default-dispatcher-4 - Application started (Dev) (no global state)
2021-12-09 19:03:58,778 [INFO] from actors.UserActor in application-akka.actor.default-dispatcher-11 - Received message WatchStocks([], Actor[akka://application/temp/userParentActor$a#0])
2021-12-09 19:04:12,447 [INFO] from actors.UserActor in application-akka.actor.default-dispatcher-5 - Stopping actor Actor[akka://application/user/userParentActor/userActor-7#-539069347]
2021-12-09 19:04:12,537 [INFO] from actors.UserActor in application-akka.actor.default-dispatcher-12 - Received message WatchStocks([], Actor[akka://application/temp/userParentActor$c#0])
2021-12-09 19:05:23,762 [INFO] from models.Logging in application-akka.actor.default-dispatcher-5 - null
2021-12-09 19:05:23,784 [ERROR] from akka.actor.RepointableActorRef in application-akka.actor.default-dispatcher-7 - Error in stage [akka.stream.scaladsl.MergeHub$$anon$2$$anon$3-query-Stock(Python)-16]: Upstream producer failed with exception, removing from MergeHub now
akka.stream.scaladsl.MergeHub$ProducerFailed: Upstream producer failed with exception, removing from MergeHub now
	at akka.stream.scaladsl.MergeHub$$anon$2$$anon$3.onUpstreamFailure(Hub.scala:352)
	at akka.stream.impl.fusing.GraphInterpreter.processEvent(GraphInterpreter.scala:524)
	at akka.stream.impl.fusing.GraphInterpreter.execute(GraphInterpreter.scala:390)
	at akka.stream.impl.fusing.GraphInterpreterShell.runBatch(ActorGraphInterpreter.scala:625)
	at akka.stream.impl.fusing.GraphInterpreterShell$AsyncInput.execute(ActorGraphInterpreter.scala:502)
	at akka.stream.impl.fusing.GraphInterpreterShell.processEvent(ActorGraphInterpreter.scala:600)
	at akka.stream.impl.fusing.ActorGraphInterpreter.akka$stream$impl$fusing$ActorGraphInterpreter$$processEvent(ActorGraphInterpreter.scala:775)
	at akka.stream.impl.fusing.ActorGraphInterpreter$$anonfun$receive$1.applyOrElse(ActorGraphInterpreter.scala:790)
	at akka.actor.Actor.aroundReceive(Actor.scala:537)
	at akka.actor.Actor.aroundReceive$(Actor.scala:535)
	at akka.stream.impl.fusing.ActorGraphInterpreter.aroundReceive(ActorGraphInterpreter.scala:691)
	at akka.actor.ActorCell.receiveMessage(ActorCell.scala:579)
	at akka.actor.ActorCell.invoke(ActorCell.scala:547)
	at akka.dispatch.Mailbox.processMailbox(Mailbox.scala:270)
	at akka.dispatch.Mailbox.run(Mailbox.scala:231)
	at akka.dispatch.Mailbox.exec(Mailbox.scala:243)
	at java.base/java.util.concurrent.ForkJoinTask.doExec(ForkJoinTask.java:290)
	at java.base/java.util.concurrent.ForkJoinPool$WorkQueue.topLevelExec(ForkJoinPool.java:1016)
	at java.base/java.util.concurrent.ForkJoinPool.scan(ForkJoinPool.java:1665)
	at java.base/java.util.concurrent.ForkJoinPool.runWorker(ForkJoinPool.java:1598)
	at java.base/java.util.concurrent.ForkJoinWorkerThread.run(ForkJoinWorkerThread.java:183)
Caused by: java.lang.RuntimeException: java.lang.IllegalArgumentException: (was java.lang.NullPointerException) (through reference chain: stocks.UpdateSubmissions["price"])
	at play.libs.Json.toJson(Json.java:94)
	at akka.stream.javadsl.Source.$anonfun$map$1(Source.scala:1868)
	at akka.stream.impl.fusing.Map$$anon$1.onPush(Ops.scala:52)
	at akka.stream.impl.fusing.GraphInterpreter.processPush(GraphInterpreter.scala:541)
	at akka.stream.impl.fusing.GraphInterpreter.execute(GraphInterpreter.scala:423)
	... 18 common frames omitted
Caused by: java.lang.IllegalArgumentException: (was java.lang.NullPointerException) (through reference chain: stocks.UpdateSubmissions["price"])
	at com.fasterxml.jackson.databind.ObjectMapper.valueToTree(ObjectMapper.java:3232)
	at play.libs.Json.toJson(Json.java:92)
	... 22 common frames omitted
Caused by: com.fasterxml.jackson.databind.JsonMappingException: (was java.lang.NullPointerException) (through reference chain: stocks.UpdateSubmissions["price"])
	at com.fasterxml.jackson.databind.JsonMappingException.wrapWithPath(JsonMappingException.java:397)
	at com.fasterxml.jackson.databind.JsonMappingException.wrapWithPath(JsonMappingException.java:356)
	at com.fasterxml.jackson.databind.ser.std.StdSerializer.wrapAndThrow(StdSerializer.java:316)
	at com.fasterxml.jackson.databind.ser.std.BeanSerializerBase.serializeFields(BeanSerializerBase.java:763)
	at com.fasterxml.jackson.databind.ser.BeanSerializer.serialize(BeanSerializer.java:178)
	at com.fasterxml.jackson.databind.ser.DefaultSerializerProvider._serialize(DefaultSerializerProvider.java:480)
	at com.fasterxml.jackson.databind.ser.DefaultSerializerProvider.serializeValue(DefaultSerializerProvider.java:319)
	at com.fasterxml.jackson.databind.ObjectMapper.writeValue(ObjectMapper.java:3058)
	at com.fasterxml.jackson.databind.ObjectMapper.valueToTree(ObjectMapper.java:3227)
	... 23 common frames omitted
Caused by: java.lang.NullPointerException: null
	at stocks.UpdateSubmissions.getPrice(UpdateSubmissions.java:33)
	at java.base/jdk.internal.reflect.NativeMethodAccessorImpl.invoke0(Native Method)
	at java.base/jdk.internal.reflect.NativeMethodAccessorImpl.invoke(NativeMethodAccessorImpl.java:62)
	at java.base/jdk.internal.reflect.DelegatingMethodAccessorImpl.invoke(DelegatingMethodAccessorImpl.java:43)
	at java.base/java.lang.reflect.Method.invoke(Method.java:567)
	at com.fasterxml.jackson.databind.ser.BeanPropertyWriter.serializeAsField(BeanPropertyWriter.java:689)
	at com.fasterxml.jackson.databind.ser.std.BeanSerializerBase.serializeFields(BeanSerializerBase.java:755)
	... 28 common frames omitted
2021-12-09 19:06:02,386 [INFO] from models.Logging in application-akka.actor.default-dispatcher-7 - null
2021-12-09 19:06:02,400 [ERROR] from akka.actor.RepointableActorRef in application-akka.actor.default-dispatcher-9 - Error in stage [akka.stream.scaladsl.MergeHub$$anon$2$$anon$3-query-Stock(puppy)-16]: Upstream producer failed with exception, removing from MergeHub now
akka.stream.scaladsl.MergeHub$ProducerFailed: Upstream producer failed with exception, removing from MergeHub now
	at akka.stream.scaladsl.MergeHub$$anon$2$$anon$3.onUpstreamFailure(Hub.scala:352)
	at akka.stream.impl.fusing.GraphInterpreter.processEvent(GraphInterpreter.scala:524)
	at akka.stream.impl.fusing.GraphInterpreter.execute(GraphInterpreter.scala:390)
	at akka.stream.impl.fusing.GraphInterpreterShell.runBatch(ActorGraphInterpreter.scala:625)
	at akka.stream.impl.fusing.GraphInterpreterShell$AsyncInput.execute(ActorGraphInterpreter.scala:502)
	at akka.stream.impl.fusing.GraphInterpreterShell.processEvent(ActorGraphInterpreter.scala:600)
	at akka.stream.impl.fusing.ActorGraphInterpreter.akka$stream$impl$fusing$ActorGraphInterpreter$$processEvent(ActorGraphInterpreter.scala:775)
	at akka.stream.impl.fusing.ActorGraphInterpreter$$anonfun$receive$1.applyOrElse(ActorGraphInterpreter.scala:790)
	at akka.actor.Actor.aroundReceive(Actor.scala:537)
	at akka.actor.Actor.aroundReceive$(Actor.scala:535)
	at akka.stream.impl.fusing.ActorGraphInterpreter.aroundReceive(ActorGraphInterpreter.scala:691)
	at akka.actor.ActorCell.receiveMessage(ActorCell.scala:579)
	at akka.actor.ActorCell.invoke(ActorCell.scala:547)
	at akka.dispatch.Mailbox.processMailbox(Mailbox.scala:270)
	at akka.dispatch.Mailbox.run(Mailbox.scala:231)
	at akka.dispatch.Mailbox.exec(Mailbox.scala:243)
	at java.base/java.util.concurrent.ForkJoinTask.doExec(ForkJoinTask.java:290)
	at java.base/java.util.concurrent.ForkJoinPool$WorkQueue.topLevelExec(ForkJoinPool.java:1016)
	at java.base/java.util.concurrent.ForkJoinPool.scan(ForkJoinPool.java:1665)
	at java.base/java.util.concurrent.ForkJoinPool.runWorker(ForkJoinPool.java:1598)
	at java.base/java.util.concurrent.ForkJoinWorkerThread.run(ForkJoinWorkerThread.java:183)
Caused by: java.lang.RuntimeException: java.lang.IllegalArgumentException: (was java.lang.NullPointerException) (through reference chain: stocks.UpdateSubmissions["price"])
	at play.libs.Json.toJson(Json.java:94)
	at akka.stream.javadsl.Source.$anonfun$map$1(Source.scala:1868)
	at akka.stream.impl.fusing.Map$$anon$1.onPush(Ops.scala:52)
	at akka.stream.impl.fusing.GraphInterpreter.processPush(GraphInterpreter.scala:541)
	at akka.stream.impl.fusing.GraphInterpreter.execute(GraphInterpreter.scala:423)
	... 18 common frames omitted
Caused by: java.lang.IllegalArgumentException: (was java.lang.NullPointerException) (through reference chain: stocks.UpdateSubmissions["price"])
	at com.fasterxml.jackson.databind.ObjectMapper.valueToTree(ObjectMapper.java:3232)
	at play.libs.Json.toJson(Json.java:92)
	... 22 common frames omitted
Caused by: com.fasterxml.jackson.databind.JsonMappingException: (was java.lang.NullPointerException) (through reference chain: stocks.UpdateSubmissions["price"])
	at com.fasterxml.jackson.databind.JsonMappingException.wrapWithPath(JsonMappingException.java:397)
	at com.fasterxml.jackson.databind.JsonMappingException.wrapWithPath(JsonMappingException.java:356)
	at com.fasterxml.jackson.databind.ser.std.StdSerializer.wrapAndThrow(StdSerializer.java:316)
	at com.fasterxml.jackson.databind.ser.std.BeanSerializerBase.serializeFields(BeanSerializerBase.java:763)
	at com.fasterxml.jackson.databind.ser.BeanSerializer.serialize(BeanSerializer.java:178)
	at com.fasterxml.jackson.databind.ser.DefaultSerializerProvider._serialize(DefaultSerializerProvider.java:480)
	at com.fasterxml.jackson.databind.ser.DefaultSerializerProvider.serializeValue(DefaultSerializerProvider.java:319)
	at com.fasterxml.jackson.databind.ObjectMapper.writeValue(ObjectMapper.java:3058)
	at com.fasterxml.jackson.databind.ObjectMapper.valueToTree(ObjectMapper.java:3227)
	... 23 common frames omitted
Caused by: java.lang.NullPointerException: null
	at stocks.UpdateSubmissions.getPrice(UpdateSubmissions.java:33)
	at java.base/jdk.internal.reflect.NativeMethodAccessorImpl.invoke0(Native Method)
	at java.base/jdk.internal.reflect.NativeMethodAccessorImpl.invoke(NativeMethodAccessorImpl.java:62)
	at java.base/jdk.internal.reflect.DelegatingMethodAccessorImpl.invoke(DelegatingMethodAccessorImpl.java:43)
	at java.base/java.lang.reflect.Method.invoke(Method.java:567)
	at com.fasterxml.jackson.databind.ser.BeanPropertyWriter.serializeAsField(BeanPropertyWriter.java:689)
	at com.fasterxml.jackson.databind.ser.std.BeanSerializerBase.serializeFields(BeanSerializerBase.java:755)
	... 28 common frames omitted
2021-12-09 19:09:34,697 [INFO] from models.Logging in application-akka.actor.default-dispatcher-7 - null
2021-12-09 19:09:34,721 [ERROR] from akka.actor.RepointableActorRef in application-akka.actor.default-dispatcher-5 - Error in stage [akka.stream.scaladsl.MergeHub$$anon$2$$anon$3-query-Stock(java)-16]: Upstream producer failed with exception, removing from MergeHub now
akka.stream.scaladsl.MergeHub$ProducerFailed: Upstream producer failed with exception, removing from MergeHub now
	at akka.stream.scaladsl.MergeHub$$anon$2$$anon$3.onUpstreamFailure(Hub.scala:352)
	at akka.stream.impl.fusing.GraphInterpreter.processEvent(GraphInterpreter.scala:524)
	at akka.stream.impl.fusing.GraphInterpreter.execute(GraphInterpreter.scala:390)
	at akka.stream.impl.fusing.GraphInterpreterShell.runBatch(ActorGraphInterpreter.scala:625)
	at akka.stream.impl.fusing.GraphInterpreterShell$AsyncInput.execute(ActorGraphInterpreter.scala:502)
	at akka.stream.impl.fusing.GraphInterpreterShell.processEvent(ActorGraphInterpreter.scala:600)
	at akka.stream.impl.fusing.ActorGraphInterpreter.akka$stream$impl$fusing$ActorGraphInterpreter$$processEvent(ActorGraphInterpreter.scala:775)
	at akka.stream.impl.fusing.ActorGraphInterpreter$$anonfun$receive$1.applyOrElse(ActorGraphInterpreter.scala:790)
	at akka.actor.Actor.aroundReceive(Actor.scala:537)
	at akka.actor.Actor.aroundReceive$(Actor.scala:535)
	at akka.stream.impl.fusing.ActorGraphInterpreter.aroundReceive(ActorGraphInterpreter.scala:691)
	at akka.actor.ActorCell.receiveMessage(ActorCell.scala:579)
	at akka.actor.ActorCell.invoke(ActorCell.scala:547)
	at akka.dispatch.Mailbox.processMailbox(Mailbox.scala:270)
	at akka.dispatch.Mailbox.run(Mailbox.scala:231)
	at akka.dispatch.Mailbox.exec(Mailbox.scala:243)
	at java.base/java.util.concurrent.ForkJoinTask.doExec(ForkJoinTask.java:290)
	at java.base/java.util.concurrent.ForkJoinPool$WorkQueue.topLevelExec(ForkJoinPool.java:1016)
	at java.base/java.util.concurrent.ForkJoinPool.scan(ForkJoinPool.java:1665)
	at java.base/java.util.concurrent.ForkJoinPool.runWorker(ForkJoinPool.java:1598)
	at java.base/java.util.concurrent.ForkJoinWorkerThread.run(ForkJoinWorkerThread.java:183)
Caused by: java.lang.RuntimeException: java.lang.IllegalArgumentException: (was java.lang.NullPointerException) (through reference chain: stocks.UpdateSubmissions["price"])
	at play.libs.Json.toJson(Json.java:94)
	at akka.stream.javadsl.Source.$anonfun$map$1(Source.scala:1868)
	at akka.stream.impl.fusing.Map$$anon$1.onPush(Ops.scala:52)
	at akka.stream.impl.fusing.GraphInterpreter.processPush(GraphInterpreter.scala:541)
	at akka.stream.impl.fusing.GraphInterpreter.execute(GraphInterpreter.scala:423)
	... 18 common frames omitted
Caused by: java.lang.IllegalArgumentException: (was java.lang.NullPointerException) (through reference chain: stocks.UpdateSubmissions["price"])
	at com.fasterxml.jackson.databind.ObjectMapper.valueToTree(ObjectMapper.java:3232)
	at play.libs.Json.toJson(Json.java:92)
	... 22 common frames omitted
Caused by: com.fasterxml.jackson.databind.JsonMappingException: (was java.lang.NullPointerException) (through reference chain: stocks.UpdateSubmissions["price"])
	at com.fasterxml.jackson.databind.JsonMappingException.wrapWithPath(JsonMappingException.java:397)
	at com.fasterxml.jackson.databind.JsonMappingException.wrapWithPath(JsonMappingException.java:356)
	at com.fasterxml.jackson.databind.ser.std.StdSerializer.wrapAndThrow(StdSerializer.java:316)
	at com.fasterxml.jackson.databind.ser.std.BeanSerializerBase.serializeFields(BeanSerializerBase.java:763)
	at com.fasterxml.jackson.databind.ser.BeanSerializer.serialize(BeanSerializer.java:178)
	at com.fasterxml.jackson.databind.ser.DefaultSerializerProvider._serialize(DefaultSerializerProvider.java:480)
	at com.fasterxml.jackson.databind.ser.DefaultSerializerProvider.serializeValue(DefaultSerializerProvider.java:319)
	at com.fasterxml.jackson.databind.ObjectMapper.writeValue(ObjectMapper.java:3058)
	at com.fasterxml.jackson.databind.ObjectMapper.valueToTree(ObjectMapper.java:3227)
	... 23 common frames omitted
Caused by: java.lang.NullPointerException: null
	at stocks.UpdateSubmissions.getPrice(UpdateSubmissions.java:33)
	at jdk.internal.reflect.GeneratedMethodAccessor31.invoke(Unknown Source)
	at java.base/jdk.internal.reflect.DelegatingMethodAccessorImpl.invoke(DelegatingMethodAccessorImpl.java:43)
	at java.base/java.lang.reflect.Method.invoke(Method.java:567)
	at com.fasterxml.jackson.databind.ser.BeanPropertyWriter.serializeAsField(BeanPropertyWriter.java:689)
	at com.fasterxml.jackson.databind.ser.std.BeanSerializerBase.serializeFields(BeanSerializerBase.java:755)
	... 28 common frames omitted
2021-12-09 19:09:37,409 [INFO] from models.Logging in application-akka.actor.default-dispatcher-5 - null
2021-12-09 19:09:37,430 [ERROR] from akka.actor.RepointableActorRef in application-akka.actor.default-dispatcher-11 - Error in stage [akka.stream.scaladsl.MergeHub$$anon$2$$anon$3-query-Stock(hi)-16]: Upstream producer failed with exception, removing from MergeHub now
akka.stream.scaladsl.MergeHub$ProducerFailed: Upstream producer failed with exception, removing from MergeHub now
	at akka.stream.scaladsl.MergeHub$$anon$2$$anon$3.onUpstreamFailure(Hub.scala:352)
	at akka.stream.impl.fusing.GraphInterpreter.processEvent(GraphInterpreter.scala:524)
	at akka.stream.impl.fusing.GraphInterpreter.execute(GraphInterpreter.scala:390)
	at akka.stream.impl.fusing.GraphInterpreterShell.runBatch(ActorGraphInterpreter.scala:625)
	at akka.stream.impl.fusing.GraphInterpreterShell$AsyncInput.execute(ActorGraphInterpreter.scala:502)
	at akka.stream.impl.fusing.GraphInterpreterShell.processEvent(ActorGraphInterpreter.scala:600)
	at akka.stream.impl.fusing.ActorGraphInterpreter.akka$stream$impl$fusing$ActorGraphInterpreter$$processEvent(ActorGraphInterpreter.scala:775)
	at akka.stream.impl.fusing.ActorGraphInterpreter$$anonfun$receive$1.applyOrElse(ActorGraphInterpreter.scala:790)
	at akka.actor.Actor.aroundReceive(Actor.scala:537)
	at akka.actor.Actor.aroundReceive$(Actor.scala:535)
	at akka.stream.impl.fusing.ActorGraphInterpreter.aroundReceive(ActorGraphInterpreter.scala:691)
	at akka.actor.ActorCell.receiveMessage(ActorCell.scala:579)
	at akka.actor.ActorCell.invoke(ActorCell.scala:547)
	at akka.dispatch.Mailbox.processMailbox(Mailbox.scala:270)
	at akka.dispatch.Mailbox.run(Mailbox.scala:231)
	at akka.dispatch.Mailbox.exec(Mailbox.scala:243)
	at java.base/java.util.concurrent.ForkJoinTask.doExec(ForkJoinTask.java:290)
	at java.base/java.util.concurrent.ForkJoinPool$WorkQueue.topLevelExec(ForkJoinPool.java:1016)
	at java.base/java.util.concurrent.ForkJoinPool.scan(ForkJoinPool.java:1665)
	at java.base/java.util.concurrent.ForkJoinPool.runWorker(ForkJoinPool.java:1598)
	at java.base/java.util.concurrent.ForkJoinWorkerThread.run(ForkJoinWorkerThread.java:183)
Caused by: java.lang.RuntimeException: java.lang.IllegalArgumentException: (was java.lang.NullPointerException) (through reference chain: stocks.UpdateSubmissions["price"])
	at play.libs.Json.toJson(Json.java:94)
	at akka.stream.javadsl.Source.$anonfun$map$1(Source.scala:1868)
	at akka.stream.impl.fusing.Map$$anon$1.onPush(Ops.scala:52)
	at akka.stream.impl.fusing.GraphInterpreter.processPush(GraphInterpreter.scala:541)
	at akka.stream.impl.fusing.GraphInterpreter.execute(GraphInterpreter.scala:423)
	... 18 common frames omitted
Caused by: java.lang.IllegalArgumentException: (was java.lang.NullPointerException) (through reference chain: stocks.UpdateSubmissions["price"])
	at com.fasterxml.jackson.databind.ObjectMapper.valueToTree(ObjectMapper.java:3232)
	at play.libs.Json.toJson(Json.java:92)
	... 22 common frames omitted
Caused by: com.fasterxml.jackson.databind.JsonMappingException: (was java.lang.NullPointerException) (through reference chain: stocks.UpdateSubmissions["price"])
	at com.fasterxml.jackson.databind.JsonMappingException.wrapWithPath(JsonMappingException.java:397)
	at com.fasterxml.jackson.databind.JsonMappingException.wrapWithPath(JsonMappingException.java:356)
	at com.fasterxml.jackson.databind.ser.std.StdSerializer.wrapAndThrow(StdSerializer.java:316)
	at com.fasterxml.jackson.databind.ser.std.BeanSerializerBase.serializeFields(BeanSerializerBase.java:763)
	at com.fasterxml.jackson.databind.ser.BeanSerializer.serialize(BeanSerializer.java:178)
	at com.fasterxml.jackson.databind.ser.DefaultSerializerProvider._serialize(DefaultSerializerProvider.java:480)
	at com.fasterxml.jackson.databind.ser.DefaultSerializerProvider.serializeValue(DefaultSerializerProvider.java:319)
	at com.fasterxml.jackson.databind.ObjectMapper.writeValue(ObjectMapper.java:3058)
	at com.fasterxml.jackson.databind.ObjectMapper.valueToTree(ObjectMapper.java:3227)
	... 23 common frames omitted
Caused by: java.lang.NullPointerException: null
	at stocks.UpdateSubmissions.getPrice(UpdateSubmissions.java:33)
	at jdk.internal.reflect.GeneratedMethodAccessor31.invoke(Unknown Source)
	at java.base/jdk.internal.reflect.DelegatingMethodAccessorImpl.invoke(DelegatingMethodAccessorImpl.java:43)
	at java.base/java.lang.reflect.Method.invoke(Method.java:567)
	at com.fasterxml.jackson.databind.ser.BeanPropertyWriter.serializeAsField(BeanPropertyWriter.java:689)
	at com.fasterxml.jackson.databind.ser.std.BeanSerializerBase.serializeFields(BeanSerializerBase.java:755)
	... 28 common frames omitted
2021-12-09 19:10:43,144 [INFO] from actors.UserActor in application-akka.actor.default-dispatcher-6 - Stopping actor Actor[akka://application/user/userParentActor/userActor-16#-590576606]
2021-12-09 19:10:43,171 [ERROR] from akka.actor.typed.internal.adapter.ActorAdapter in application-akka.actor.default-dispatcher-9 - null
java.util.ConcurrentModificationException: null
	at java.base/java.util.HashMap$KeySet.forEach(HashMap.java:937)
	at actors.UserActor.unwatchStocks(UserActor.java:222)
	at actors.UserActor.lambda$behavior$4fc9df05$3(UserActor.java:153)
	at akka.actor.typed.javadsl.BuiltBehavior.receive(BehaviorBuilder.scala:192)
	at akka.actor.typed.javadsl.BuiltBehavior.receiveSignal(BehaviorBuilder.scala:185)
	at akka.actor.typed.Behavior$.interpret(Behavior.scala:273)
	at akka.actor.typed.Behavior$.interpretSignal(Behavior.scala:236)
	at akka.actor.typed.internal.adapter.ComposedStoppingBehavior.receiveSignal(ActorAdapter.scala:344)
	at akka.actor.typed.Behavior$.interpret(Behavior.scala:273)
	at akka.actor.typed.Behavior$.interpretSignal(Behavior.scala:236)
	at akka.actor.typed.internal.adapter.ActorAdapter.postStop(ActorAdapter.scala:319)
	at akka.actor.Actor.aroundPostStop(Actor.scala:556)
	at akka.actor.Actor.aroundPostStop$(Actor.scala:556)
	at akka.actor.typed.internal.adapter.ActorAdapter.aroundPostStop(ActorAdapter.scala:283)
	at akka.actor.dungeon.FaultHandling.finishTerminate(FaultHandling.scala:240)
	at akka.actor.dungeon.FaultHandling.terminate(FaultHandling.scala:197)
	at akka.actor.dungeon.FaultHandling.terminate$(FaultHandling.scala:167)
	at akka.actor.ActorCell.terminate(ActorCell.scala:410)
	at akka.actor.ActorCell.invokeAll$1(ActorCell.scala:519)
	at akka.actor.ActorCell.systemInvoke(ActorCell.scala:535)
	at akka.dispatch.Mailbox.processAllSystemMessages(Mailbox.scala:295)
	at akka.dispatch.Mailbox.processMailbox(Mailbox.scala:273)
	at akka.dispatch.Mailbox.run(Mailbox.scala:231)
	at akka.dispatch.Mailbox.exec(Mailbox.scala:243)
	at java.base/java.util.concurrent.ForkJoinTask.doExec(ForkJoinTask.java:290)
	at java.base/java.util.concurrent.ForkJoinPool$WorkQueue.topLevelExec(ForkJoinPool.java:1016)
	at java.base/java.util.concurrent.ForkJoinPool.scan(ForkJoinPool.java:1665)
	at java.base/java.util.concurrent.ForkJoinPool.runWorker(ForkJoinPool.java:1598)
	at java.base/java.util.concurrent.ForkJoinWorkerThread.run(ForkJoinWorkerThread.java:183)
2021-12-09 19:27:42,925 [INFO] from play.core.server.AkkaHttpServer in play-dev-mode-shutdown-hook-1 - Stopping Akka HTTP server...
2021-12-09 19:27:42,964 [INFO] from play.core.server.AkkaHttpServer in play-dev-mode-akka.actor.internal-dispatcher-13 - Terminating server binding for /0:0:0:0:0:0:0:0:9000
2021-12-09 19:27:43,053 [INFO] from play.core.server.AkkaHttpServer in play-dev-mode-akka.actor.internal-dispatcher-24 - Running provided shutdown stop hooks
2021-12-09 20:54:02,869 [INFO] from akka.event.slf4j.Slf4jLogger in default-akka.actor.default-dispatcher-4 - Slf4jLogger started
2021-12-09 20:54:03,513 [INFO] from akka.event.slf4j.Slf4jLogger in default-akka.actor.default-dispatcher-6 - Slf4jLogger started
2021-12-09 21:01:59,542 [INFO] from akka.event.slf4j.Slf4jLogger in default-akka.actor.default-dispatcher-4 - Slf4jLogger started
2021-12-09 21:02:00,334 [INFO] from akka.event.slf4j.Slf4jLogger in default-akka.actor.default-dispatcher-5 - Slf4jLogger started
2021-12-09 21:02:35,970 [INFO] from akka.event.slf4j.Slf4jLogger in default-akka.actor.default-dispatcher-5 - Slf4jLogger started
2021-12-09 21:02:36,690 [INFO] from akka.event.slf4j.Slf4jLogger in default-akka.actor.default-dispatcher-6 - Slf4jLogger started
